09.29 22:18:54 [RegistryCreators] FINEST: Creating Object Registry base_test:visual_settings
09.29 22:18:54 [RegistryCreators] FINEST: Creating Registry base_test:model_element
09.29 22:18:54 [RegistryCreators] FINEST: Creating Registry base_test:keyframe_type
09.29 22:18:54 [RegistryCreators] FINEST: Creating Object Registry base_test:static_loaded_model
09.29 22:18:54 [RegistryCreators] FINEST: Creating Object Registry base_test:animated_loaded_model
09.29 22:18:54 [RegistryCreators] FINEST: Creating Vk Object Registry base_test:sampler
09.29 22:18:54 [RegistryCreators] FINEST: Creating Vk Object Registry base_test:static_model
09.29 22:18:54 [RegistryCreators] FINEST: Creating Vk Object Registry base_test:animated_model
09.29 22:18:54 [RegistryCreators] FINEST: Creating Registry base_test:rarity
09.29 22:18:54 [RegistryCreators] FINEST: Creating Object Registry base_test:setting
09.29 22:18:54 [RegistryCreators] FINEST: Creating content
09.29 22:18:54 [RegistryCreators] FINEST: Bootstrapped base_test:visual_settings
09.29 22:18:54 [RegistryCreators] FINEST: Bootstrapped base_test:model_element
09.29 22:18:54 [RegistryCreators] FINEST: Bootstrapped base_test:keyframe_type
09.29 22:18:54 [BlockbenchLoader] FINEST: Loading model: /models/blockbench/static/backdrop.bbmodel (backdrop)
09.29 22:18:54 [BlockbenchLoader] FINEST: Loading model: /models/blockbench/static/ball.bbmodel (ball)
09.29 22:18:54 [BlockbenchLoader] FINEST: Loading model: /models/blockbench/static/cube.bbmodel (cube)
09.29 22:18:54 [BlockbenchLoader] FINEST: Loading model: /models/blockbench/static/mesh_pebble.bbmodel (mesh_pebble)
09.29 22:18:54 [BlockbenchLoader] FINEST: Loading model: /models/blockbench/static/small_rock.bbmodel (small_rock)
09.29 22:18:54 [BlockbenchLoader] FINEST: Loading textures for model base_test:blockbench/static/backdrop
09.29 22:18:54 [BlockbenchLoader] FINEST: Loading textures for model base_test:blockbench/static/ball
09.29 22:18:54 [BlockbenchLoader] FINEST: Loading textures for model base_test:blockbench/static/cube
09.29 22:18:54 [BlockbenchLoader] FINEST: Loading textures for model base_test:blockbench/static/mesh_pebble
09.29 22:18:54 [BlockbenchLoader] FINEST: Loading textures for model base_test:blockbench/static/small_rock
09.29 22:18:54 [RegistryCreators] FINEST: Bootstrapped base_test:static_loaded_model
09.29 22:18:54 [BlockbenchLoader] FINEST: Loading model: /models/blockbench/animated/model.bbmodel (model)
09.29 22:18:54 [BlockbenchLoader] FINEST: Loading model: /models/blockbench/animated/small_chain.bbmodel (small_chain)
09.29 22:18:54 [BlockbenchLoader] FINEST: Loading textures for model base_test:blockbench/animated/model
09.29 22:18:54 [BlockbenchLoader] FINEST: Loading textures for model base_test:blockbench/animated/small_chain
09.29 22:18:54 [RegistryCreators] FINEST: Bootstrapped base_test:animated_loaded_model
09.29 22:18:54 [RegistryCreators] FINEST: Bootstrapped base_test:rarity
09.29 22:18:54 [RegistryCreators] FINEST: Bootstrapped base_test:setting
09.29 22:18:54 [PhysicalDevicePicker] FINER: Selected GPU: NVIDIA GeForce RTX 4070 Ti SUPER
09.29 22:18:54 [RegistryCreators] FINEST: Creating VK content
09.29 22:18:54 [RegistryCreators] FINEST: Bootstrapped base_test:sampler
09.29 22:18:54 [RegistryCreators] FINEST: Bootstrapped base_test:static_model
09.29 22:18:54 [RegistryCreators] FINEST: Bootstrapped base_test:animated_model
09.29 22:19:03 [Volkaniums] FINE: Cleanup
